<?xml version="1.0" encoding="UTF-8"?>
<!-- Generated by org.testng.reporters.JUnitXMLReporter -->
<testsuite ignored="0" hostname="upal-mpb.local" failures="1" tests="2" name="Test" time="5.077" errors="0" timestamp="2025-07-09T09:51:13 IST">
  <testcase classname="com.sdetadda.allure.TestCase2" name="testMethod1" time="5.042"/>
  <testcase classname="com.sdetadda.allure.TestCase1" name="testMethod1" time="0.002">
    <failure type="java.lang.AssertionError">
      <![CDATA[java.lang.AssertionError: 
at com.sdetadda.allure.TestCase1.testMethod1(TestCase1.java:12)
at java.base/java.util.ArrayList.forEach(ArrayList.java:1596)
... Removed 28 stack frames]]>
    </failure>
  </testcase> <!-- testMethod1 -->
</testsuite> <!-- Test -->
